Removed Pin From Net: NetName=GND Pin=J1-1
Removed Pin From Net: NetName=CAM_D0_N Pin=J1-2
Removed Pin From Net: NetName=CAM_D0_P Pin=J1-3
Removed Pin From Net: NetName=CAM_D1_N Pin=J1-4
Removed Pin From Net: NetName=CAM_D1_P Pin=J1-5
Removed Pin From Net: NetName=CAM_CK_N Pin=J1-6
Removed Pin From Net: NetName=CAM_CK_P Pin=J1-7
Removed Pin From Net: NetName=CAM_SCL Pin=J1-10
Removed Pin From Net: NetName=CAM_SDA Pin=J1-11
Removed Pin From Net: NetName=GND Pin=J1-14
Removed Pin From Net: NetName=+5V_CAM Pin=J1-15
Removed Pin From Net: NetName=GND Pin=J1-S1
Removed Pin From Net: NetName=GND Pin=J1-S2
Removed Pin From Net: NetName=+3.3V Pin=R27-1
Removed Pin From Net: NetName=CAM_SCL Pin=R27-2
Removed Pin From Net: NetName=+3.3V Pin=R28-1
Removed Pin From Net: NetName=CAM_SDA Pin=R28-2
Removed Pin From Net: NetName=CAM_SCL Pin=U18-18
Removed Pin From Net: NetName=CAM_SDA Pin=U18-19
Removed Member From Class: ClassName=SENSOR Member=R9
Removed Member From Class: ClassName=SENSOR Member=R11
Change Component Footprint: Designator=J1 Old Footprint=0532611571 New Footprint=MOLEX_0532611171
Change Component Comment : Designator=C15 Old Comment=2.2uF/6.3V New Comment=0.22uF/16V
Change Component Comment : Designator=R27 Old Comment=4.7k/NC New Comment=22R
Change Component Comment : Designator=R28 Old Comment=4.7k/NC New Comment=22R
Change Component Comment : Designator=J1 Old Comment=0532611571 New Comment=0532611171
Change component parameters: Designator = "J1" ("J1"); Footprint = "0532611571"; UniqueID = "\VQPNWWXH" ("\VQPNWWXH")
Change component parameters: Designator = "R9" ("R9"); Footprint = "RES_C_1005X40"; UniqueID = "\URITWJTA" ("\URITWJTA")
Change component parameters: Designator = "R11" ("R11"); Footprint = "RES_C_1005X40"; UniqueID = "\CCFXVTCV" ("\CCFXVTCV")
Added Component: Designator=R43(RES_C_1005X40)
Add component (AddParameter): Name = "Class"; Value = "Passive"; VariantName = "[No Variations]"
Add component (AddParameter): Name = "Manufacturer"; Value = "Generic Components"; VariantName = "[No Variations]"
Add component (AddParameter): Name = "Published"; Value = "08/06/2000"; VariantName = "[No Variations]"
Add component (AddParameter): Name = "Publisher"; Value = "Altium Hobart Technology Centre"; VariantName = "[No Variations]"
Added Component: Designator=R44(RES_C_1005X40)
Add component (AddParameter): Name = "Class"; Value = "Passive"; VariantName = "[No Variations]"
Add component (AddParameter): Name = "Manufacturer"; Value = "Generic Components"; VariantName = "[No Variations]"
Add component (AddParameter): Name = "Published"; Value = "08/06/2000"; VariantName = "[No Variations]"
Add component (AddParameter): Name = "Publisher"; Value = "Altium Hobart Technology Centre"; VariantName = "[No Variations]"
Added Pin To Net: NetName=CAM_D0_N Pin=J1-1
Added Pin To Net: NetName=CAM_D0_P Pin=J1-2
Added Pin To Net: NetName=CAM_D1_N Pin=J1-3
Added Pin To Net: NetName=CAM_D1_P Pin=J1-4
Added Pin To Net: NetName=CAM_CK_N Pin=J1-5
Added Pin To Net: NetName=CAM_CK_P Pin=J1-6
Added Pin To Net: NetName=GND Pin=J1-7
Added Pin To Net: NetName=CAM_SCL Pin=J1-8
Added Pin To Net: NetName=CAM_SDA Pin=J1-9
Added Pin To Net: NetName=GND Pin=J1-10
Added Pin To Net: NetName=+5V_CAM Pin=J1-11
Added Pin To Net: NetName=GND Pin=J1-M1
Added Pin To Net: NetName=GND Pin=J1-M2
Added Pin To Net: NetName=CAM_SDA Pin=R9-2
Added Pin To Net: NetName=CAM_SCL Pin=R11-2
Added Pin To Net: NetName=CAM_SDA Pin=R27-2
Added Pin To Net: NetName=CAM_SCL Pin=R28-2
Added Pin To Net: NetName=CAM_SDA Pin=R43-2
Added Pin To Net: NetName=CAM_SCL Pin=R44-2
Added Pin To Net: NetName=I2C_SW_SCL Pin=R44-1
Added Pin To Net: NetName=I2C_SW_SCL Pin=U18-18
Added Net: Name=I2C_SW_SCL
Added Pin To Net: NetName=I2C_SW_SDA Pin=R43-1
Added Pin To Net: NetName=I2C_SW_SDA Pin=U18-19
Added Net: Name=I2C_SW_SDA
Added Pin To Net: NetName=IO_SW_SCL Pin=R28-1
Added Pin To Net: NetName=IO_SW_SCL Pin=U17-22
Added Net: Name=IO_SW_SCL
Added Pin To Net: NetName=IO_SW_SDA Pin=R27-1
Added Pin To Net: NetName=IO_SW_SDA Pin=U17-23
Added Net: Name=IO_SW_SDA
Added Member To Class: ClassName=CONNECTOR Member=Component R9 4.7k
Added Member To Class: ClassName=CONNECTOR Member=Component R11 4.7k
Added Member To Class: ClassName=SENSOR Member=Component R43 22R
Added Member To Class: ClassName=SENSOR Member=Component R44 22R
